\BOOKMARK [0][-]{chapter.1}{Introduction}{}
\BOOKMARK [1][-]{section.1.1}{Getting Started}{chapter.1}
\BOOKMARK [2][-]{subsection.1.1.1}{Checking out the COAT from orbit machines and SVN}{section.1.1}
\BOOKMARK [2][-]{subsection.1.1.2}{Getting the COAT from S4}{section.1.1}
\BOOKMARK [2][-]{subsection.1.1.3}{Software required to run and compile COAT routines}{section.1.1}
\BOOKMARK [2][-]{subsection.1.1.4}{COAT directory structure}{section.1.1}
\BOOKMARK [2][-]{subsection.1.1.5}{Compiling CRTM and COAT routines}{section.1.1}
\BOOKMARK [0][-]{chapter.2}{IDL COAT basics}{}
\BOOKMARK [1][-]{section.2.1}{IDL COAT input - user defined parameters}{chapter.2}
\BOOKMARK [1][-]{section.2.2}{IDL COAT}{chapter.2}
\BOOKMARK [1][-]{section.2.3}{IDL COAT output}{chapter.2}
\BOOKMARK [0][-]{chapter.3}{Fortran COAT basics}{}
\BOOKMARK [1][-]{section.3.1}{Fortran Routines}{chapter.3}
\BOOKMARK [2][-]{subsection.3.1.1}{NWP Collocation and Forward Operator}{section.3.1}
\BOOKMARK [2][-]{subsection.3.1.2}{BUFR converters}{section.3.1}
\BOOKMARK [2][-]{subsection.3.1.3}{Scene Dump}{section.3.1}
\BOOKMARK [0][-]{chapter.4}{Examples}{}
\BOOKMARK [1][-]{section.4.1}{Example: Running COAT scripts}{chapter.4}
\BOOKMARK [2][-]{subsection.4.1.1}{Dump ECMWF or GFS GRIB to COAT binaries}{section.4.1}
\BOOKMARK [2][-]{subsection.4.1.2}{Run NWP collocation and forward model calculations}{section.4.1}
\BOOKMARK [1][-]{section.4.2}{Example: Running the IDL COAT using sample data}{chapter.4}
\BOOKMARK [2][-]{subsection.4.2.1}{Sample data on NESDIS/STAR orbit machines}{section.4.2}
\BOOKMARK [2][-]{subsection.4.2.2}{Sample data on S4}{section.4.2}
\BOOKMARK [2][-]{subsection.4.2.3}{Next Steps in Running the COAT}{section.4.2}
\BOOKMARK [1][-]{section.4.3}{Example: Running sceneDump to speed reading of scene EDR files in COAT}{chapter.4}
\BOOKMARK [0][-]{Appendix.a.A}{Appendix Running Scatterometers through the COAT}{}
\BOOKMARK [1][-]{section.a.A.1}{IDL COAT basics for Scatterometers}{Appendix.a.A}
\BOOKMARK [1][-]{section.a.A.2}{Fortran COAT basics for Scatterometers}{Appendix.a.A}
\BOOKMARK [0][-]{Appendix.a.B}{Appendix Running AMV through the COAT}{}
\BOOKMARK [1][-]{section.a.B.1}{IDL COAT basics for AMV}{Appendix.a.B}
\BOOKMARK [2][-]{subsection.a.B.1.1}{IDL COAT input for AMV - user defined parameters}{section.a.B.1}
\BOOKMARK [2][-]{subsection.a.B.1.2}{Running the IDL COAT for AMV}{section.a.B.1}
\BOOKMARK [2][-]{subsection.a.B.1.3}{IDL COAT output for AMV}{section.a.B.1}
\BOOKMARK [1][-]{section.a.B.2}{Fortran COAT basics for AMV}{Appendix.a.B}
\BOOKMARK [2][-]{subsection.a.B.2.1}{SATWND BUFR Converter}{section.a.B.2}
\BOOKMARK [2][-]{subsection.a.B.2.2}{NWP Collocation}{section.a.B.2}
