IBM XL Fortran for AIX, V12.1 (5724-U82) Version 12.01.0000.0001 --- /gpfs/c/nco/ops/nwprod/sorc/sffdsf_gempak.fd/sfdchk.f 01/28/09 14:52:18
 
>>>>> OPTIONS SECTION <<<<<
***   Options In Effect   ***
  
         ==  On / Off Options  ==
         32              CR              DBG             DDIM
         ESCAPE          FULLPATH        I4              INLGLUE
         NOLIBESSL       NOLIBPOSIX      OBJECT          SOURCE
         STRICT          SWAPOMP         THREADED        UNWIND
         NOZEROSIZE
  
         ==  Options Of Integer Type ==
         ALIAS_SIZE(65536)     FIXED(72)             MAXMEM(-1)
         OPTIMIZE(2)           SPILLSIZE(548)        STACKTEMP(0)
  
  
         ==  Options Of Character Type  ==
         ALIAS(STD,INTPTR)     ALIGN(BINDC(POWER),STRUCT(NATURAL))
         ARCH(PWR6)            ATTR()                AUTODBL(NONE)
         CHECK()               DESCRIPTOR(V1)        DIRECTIVE(IBM*,IBMT)
         ENUM()                FLAG(I,I)             FLOAT(RNDSNGL,MAF,FOLD,RNGCHK,SINGLE)
         FLTTRAP(OVERFLOW,ZERODIVIDE,INVALID,ENABLE)
         HALT(S)               IEEE(NEAR)            INITAUTO(FF911299)
         INTSIZE(4)            LANGLVL(EXTENDED)     POSITION(APPENDOLD)
         REALSIZE(4)           NOSAVE()              SIGTRAP()
         TUNE(PWR6)            UNROLL(AUTO)          XREF(FULL)
         XLF2003(NOPOLYMORPHIC,NOBOZLITARGS,NOSTOPEXCEPT,NOVOLATILE,NOAUTOREALLOC,OLDNANINF)
         XLF77(NOLEADZERO,GEDIT77,NOBLANKPAD,OLDBOZ,INTARG,INTXOR,PERSISTENT,SOFTEOF)
         XLF90(NOSIGNEDZERO,NOAUTODEALLOC,OLDPAD)
  
>>>>> SOURCE SECTION <<<<<
          1 |	SUBROUTINE SFDCHK ( slat, slon, rltln, ok, iret )
          2 |C************************************************************************
          3 |C* SFDCHK								*
          4 |C*									*
          5 |C* This subroutine checks to see if a lat/lon point is inside given	*
          6 |C* lat/lon bounds.							*
          7 |C*									*
          8 |C*  SFDCHK ( SLAT, SLON, RLTLN, OK, IRET )				*
          9 |C*									*
         10 |C* Input parameters:							*
         11 |C*	SLAT		REAL		Latitude of point to test	*
         12 |C*	SLON		REAL		Longitude of point to test	*
         13 |C*	RLTLN (4)	REAL		Lat/lon bounds			*
         14 |C*									*
         15 |C* Output parameters:							*
         16 |C*	OK		LOGICAL		Flag (true for point in bounds)	*
         17 |C*	IRET		INTEGER		RETURN code			*
         18 |C*									*
         19 |C**									*
         20 |C* Log:									*
         21 |C* K. F. Brill/NMC	 9/94						*
         22 |C************************************************************************
         23 |	REAL		rltln (4)
         24 |	LOGICAL		ok
         25 |C------------------------------------------------------------------------
         26 |	iret = 0
         27 |C*
         28 |	rlatll = rltln (1)
         29 |	rlonll = rltln (2)
         30 |	rlatur = rltln (3)
         31 |	rlonur = rltln (4)
         32 |	tlon = slon
         33 |C*
         34 |	IF ( rlonll .gt. rlonur ) THEN
         35 |	    rlonll = rlonll - 360.
         36 |	    IF ( slon .gt. 0 ) tlon = tlon - 360.
         37 |	END IF
         38 |	ok = ( slat .ge. rlatll .and. slat .le. rlatur .and.
         39 |     +	       tlon .ge. rlonll .and. tlon .le. rlonur )
         40 |C*
         41 |	RETURN
         42 |	END
 
>>>>> ATTRIBUTE AND CROSS REFERENCE SECTION <<<<<
 
 
 
IDENTIFIER NAME                  CROSS REFERENCE AND ATTRIBUTES
 
iret                             Reference argument, Integer(4), Offset: 0, Alignment: full word
                                 0-1.45  0-26.2@
 
ok                               Reference argument, Logical(4), Offset: 0, Alignment: full word
                                 0-24.11$  0-1.41  0-38.2@
 
rlatll                           Automatic, Real(4), Offset: 0, Alignment: full word
                                 0-28.2@  0-38.19
 
rlatur                           Automatic, Real(4), Offset: 0, Alignment: full word
                                 0-30.2@  0-38.42
 
rlonll                           Automatic, Real(4), Offset: 0, Alignment: full word
                                 0-29.2@  0-34.7  0-35.6@  0-35.15  0-39.25
 
rlonur                           Automatic, Real(4), Offset: 0, Alignment: full word
                                 0-31.2@  0-34.19  0-39.48
 
rltln                            Reference argument, Real(4) (1:4), Offset: 0, Alignment: full word
                                 0-23.8$  0-1.34  0-28.11  0-29.11  0-30.11  0-31.11
 
sfdchk                           Subroutine
                                 0-1.13$
 
slat                             Reference argument, Real(4), Offset: 0, Alignment: full word
                                 0-1.22  0-38.9  0-38.32
 
slon                             Reference argument, Real(4), Offset: 0, Alignment: full word
                                 0-1.28  0-32.9  0-36.11
 
tlon                             Automatic, Real(4), Offset: 0, Alignment: full word
                                 0-32.2@  0-36.25@  0-36.32  0-39.15  0-39.38
 
** sfdchk   === End of Compilation 1 ===
 
>>>>> FILE TABLE SECTION <<<<<
 
 
                                       FILE CREATION        FROM
FILE NO   FILENAME                    DATE       TIME       FILE    LINE
     0    sfdchk.f                    12/18/08   11:46:13
 
 
>>>>> COMPILATION EPILOGUE SECTION <<<<<
 
 
FORTRAN Summary of Diagnosed Conditions
 
TOTAL   UNRECOVERABLE  SEVERE       ERROR     WARNING    INFORMATIONAL
               (U)       (S)         (E)        (W)          (I)
    0           0         0           0          0            0
 
 
    Source records read.......................................      42
1501-510  Compilation successful for file sfdchk.f.
1501-543  Object file created.
