 idate  =   2015121500 modelid =            0  forecast hour            0
msg     1    len   89678    was  21  15  12  10  00 145 120    now  21  15  12  15  00  81  00
msg     2    len   89678    was  21  15  12  10  00 145 120    now  21  15  12  15  00  81  00
msg     3    len   89678    was  21  15  12  10  00 145 120    now  21  15  12  15  00  81  00
msg     4    len   89678    was  21  15  12  10  00 145 120    now  21  15  12  15  00  81  00
msg     5    len   81534    was  21  15  12  10  00 145 120    now  21  15  12  15  00  81  00
msg     6    len   89678    was  21  15  12  10  00 145 120    now  21  15  12  15  00  81  00
msg     7    len   81534    was  21  15  12  10  00 145 120    now  21  15  12  15  00  81  00
msg     8    len   40808    was  21  15  12  10  00 145 120    now  21  15  12  15  00  81  00
msg     9    len   81534    was  21  15  12  10  00 145 120    now  21  15  12  15  00  81  00
msg    10    len   57098    was  21  15  12  10  00 145 120    now  21  15  12  15  00  81  00
msg    11    len   73388    was  21  15  12  10  00 145 120    now  21  15  12  15  00  81  00
msg    12    len   81534    was  21  15  12  10  00 145 120    now  21  15  12  15  00  81  00
msg    13    len   57098    was  21  15  12  10  00 145 120    now  21  15  12  15  00  81  00
msg    14    len   81534    was  21  15  12  10  00 145 120    now  21  15  12  15  00  81  00
msg    15    len   57098    was  21  15  12  10  00 145 120    now  21  15  12  15  00  81  00
msg    16    len   73388    was  21  15  12  10  00 145 120    now  21  15  12  15  00  81  00
msg    17    len   81534    was  21  15  12  10  00 145 120    now  21  15  12  15  00  81  00
msg    18    len   89678    was  21  15  12  10  00 145 120    now  21  15  12  15  00  81  00
msg    19    len   81534    was  21  15  12  10  00 145 120    now  21  15  12  15  00  81  00
msg    20    len   81534    was  21  15  12  10  00 145 120    now  21  15  12  15  00  81  00
msg    21    len   81534    was  21  15  12  10  00 145 120    now  21  15  12  15  00  81  00
msg    22    len   81534    was  21  15  12  10  00 145 120    now  21  15  12  15  00  81  00
msg    23    len   89678    was  21  15  12  10  00 145 120    now  21  15  12  15  00  81  00
msg    24    len   57098    was  21  15  12  10  00 145 120    now  21  15  12  15  00  81  00
msg    25    len  105968    was  21  15  12  10  00 145 120    now  21  15  12  15  00  81  00
msg    26    len   89678    was  21  15  12  10  00 145 120    now  21  15  12  15  00  81  00
msg    27    len   81534    was  21  15  12  10  00 145 120    now  21  15  12  15  00  81  00
msg    28    len   81534    was  21  15  12  10  00 145 120    now  21  15  12  15  00  81  00
msg    29    len   81534    was  21  15  12  10  00 145 120    now  21  15  12  15  00  81  00
msg    30    len   81534    was  21  15  12  10  00 145 120    now  21  15  12  15  00  81  00
msg    31    len   81534    was  21  15  12  10  00 145 120    now  21  15  12  15  00  81  00
msg    32    len   81534    was  21  15  12  10  00 145 120    now  21  15  12  15  00  81  00
msg    33    len   57098    was  21  15  12  10  00 145 120    now  21  15  12  15  00  81  00
msg    34    len   89678    was  21  15  12  10  00 145 120    now  21  15  12  15  00  81  00
msg    35    len   57098    was  21  15  12  10  00 145 120    now  21  15  12  15  00  81  00
msg    36    len   97824    was  21  15  12  10  00 145 120    now  21  15  12  15  00  81  00
msg    37    len   89678    was  21  15  12  10  00 145 120    now  21  15  12  15  00  81  00
msg    38    len   57098    was  21  15  12  10  00 145 120    now  21  15  12  15  00  81  00
msg    39    len   89678    was  21  15  12  10  00 145 120    now  21  15  12  15  00  81  00
msg    40    len   89678    was  21  15  12  10  00 145 120    now  21  15  12  15  00  81  00
msg    41    len   48954    was  21  15  12  10  00 145 120    now  21  15  12  15  00  81  00
msg    42    len   81534    was  21  15  12  10  00 145 120    now  21  15  12  15  00  81  00
msg    43    len   81534    was  21  15  12  10  00 145 120    now  21  15  12  15  00  81  00
msg    44    len   81534    was  21  15  12  10  00 145 120    now  21  15  12  15  00  81  00
msg    45    len   81534    was  21  15  12  10  00 145 120    now  21  15  12  15  00  81  00
msg    46    len   73388    was  21  15  12  10  00 145 120    now  21  15  12  15  00  81  00
msg    47    len   81534    was  21  15  12  10  00 145 117    now  21  15  12  15  00  81  00
msg    48    len   73388    was  21  15  12  10  00 145 120    now  21  15  12  15  00  81  00
msg    49    len   57098    was  21  15  12  10  00 145 120    now  21  15  12  15  00  81  00
msg    50    len   81534    was  21  15  12  10  00 145 120    now  21  15  12  15  00  81  00
msg    51    len   73388    was  21  15  12  10  00 145 120    now  21  15  12  15  00  81  00
msg    52    len   73388    was  21  15  12  10  00 145 120    now  21  15  12  15  00  81  00
msg    53    len   73388    was  21  15  12  10  00 145 120    now  21  15  12  15  00  81  00
msg    54    len   73388    was  21  15  12  10  00 145 120    now  21  15  12  15  00  81  00
msg    55    len   81534    was  21  15  12  10  00 145 120    now  21  15  12  15  00  81  00
msg    56    len   81534    was  21  15  12  10  00 145 120    now  21  15  12  15  00  81  00
msg    57    len   89678    was  21  15  12  10  00 145 120    now  21  15  12  15  00  81  00
msg    58    len   89678    was  21  15  12  10  00 145 120    now  21  15  12  15  00  81  00
msg    59    len   73388    was  21  15  12  10  00 145 120    now  21  15  12  15  00  81  00
msg    60    len   73388    was  21  15  12  10  00 145 120    now  21  15  12  15  00  81  00
msg    61    len   57098    was  21  15  12  10  00 145 120    now  21  15  12  15  00  81  00
msg    62    len   81534    was  21  15  12  10  00 145 120    now  21  15  12  15  00  81  00
msg    63    len   81534    was  21  15  12  10  00 145 120    now  21  15  12  15  00  81  00
msg    64    len  105968    was  21  15  12  10  00 145 120    now  21  15  12  15  00  81  00
msg    65    len   89678    was  21  15  12  10  00 145 120    now  21  15  12  15  00  81  00
msg    66    len   97824    was  21  15  12  10  00 145 120    now  21  15  12  15  00  81  00
msg    67    len   81534    was  21  15  12  10  00 145 120    now  21  15  12  15  00  81  00
msg    68    len   89678    was  21  15  12  10  00 145 120    now  21  15  12  15  00  81  00
msg    69    len   73388    was  21  15  12  10  00 145 120    now  21  15  12  15  00  81  00
msg    70    len   81534    was  21  15  12  10  00 145 120    now  21  15  12  15  00  81  00
msg    71    len   57098    was  21  15  12  10  00 145 120    now  21  15  12  15  00  81  00
msg    72    len   81534    was  21  15  12  10  00 145 120    now  21  15  12  15  00  81  00
msg    73    len   81534    was  21  15  12  10  00 145 120    now  21  15  12  15  00  81  00
msg    74    len   81534    was  21  15  12  10  00 145 120    now  21  15  12  15  00  81  00
msg    75    len   73388    was  21  15  12  10  00 145 120    now  21  15  12  15  00  81  00
msg    76    len   57098    was  21  15  12  10  00 145 120    now  21  15  12  15  00  81  00
msg    77    len   57098    was  21  15  12  10  00 145 120    now  21  15  12  15  00  81  00
msg    78    len   81534    was  21  15  12  10  00 145 117    now  21  15  12  15  00  81  00
msg    79    len   57098    was  21  15  12  10  00 145 120    now  21  15  12  15  00  81  00
msg    80    len   81534    was  21  15  12  10  00 145 120    now  21  15  12  15  00  81  00
